2025-11-20 20:42:19 +00:00: 
2025-11-20 20:42:19 +00:00: > kreativhaus77@1.0.0 start
2025-11-20 20:42:19 +00:00: > next start -p 3005
2025-11-20 20:42:19 +00:00: 
2025-11-20 20:42:20 +00:00:    ▲ Next.js 15.5.4
2025-11-20 20:42:20 +00:00:    - Local:        http://localhost:3005
2025-11-20 20:42:20 +00:00:    - Network:      http://72.60.9.78:3005
2025-11-20 20:42:20 +00:00: 
2025-11-20 20:42:20 +00:00:  ✓ Starting...
2025-11-20 20:42:20 +00:00:  ✓ Ready in 618ms
2025-11-20 20:51:53 +00:00: 
2025-11-20 20:51:53 +00:00: > kreativhaus77@1.0.0 start
2025-11-20 20:51:53 +00:00: > next start -p 3005
2025-11-20 20:51:53 +00:00: 
2025-11-20 20:51:54 +00:00:    ▲ Next.js 15.5.4
2025-11-20 20:51:54 +00:00:    - Local:        http://localhost:3005
2025-11-20 20:51:54 +00:00:    - Network:      http://72.60.9.78:3005
2025-11-20 20:51:54 +00:00: 
2025-11-20 20:51:54 +00:00:  ✓ Starting...
2025-11-20 20:51:54 +00:00:  ✓ Ready in 733ms
2025-11-20 20:53:54 +00:00: 
2025-11-20 20:53:54 +00:00: > kreativhaus77@1.0.0 start
2025-11-20 20:53:54 +00:00: > next start -p 3005
2025-11-20 20:53:54 +00:00: 
2025-11-20 20:53:55 +00:00:    ▲ Next.js 15.5.4
2025-11-20 20:53:55 +00:00:    - Local:        http://localhost:3005
2025-11-20 20:53:55 +00:00:    - Network:      http://72.60.9.78:3005
2025-11-20 20:53:55 +00:00: 
2025-11-20 20:53:55 +00:00:  ✓ Starting...
2025-11-20 20:53:55 +00:00:  ✓ Ready in 595ms
2025-11-20 20:58:22 +00:00: 
2025-11-20 20:58:22 +00:00: > kreativhaus77@1.0.0 start
2025-11-20 20:58:22 +00:00: > next start -p 3005
2025-11-20 20:58:22 +00:00: 
2025-11-20 20:58:23 +00:00:    ▲ Next.js 15.5.4
2025-11-20 20:58:23 +00:00:    - Local:        http://localhost:3005
2025-11-20 20:58:23 +00:00:    - Network:      http://72.60.9.78:3005
2025-11-20 20:58:23 +00:00: 
2025-11-20 20:58:23 +00:00:  ✓ Starting...
2025-11-20 20:58:24 +00:00:  ✓ Ready in 977ms
2025-11-20 21:01:05 +00:00: 
2025-11-20 21:01:05 +00:00: > kreativhaus77@1.0.0 start
2025-11-20 21:01:05 +00:00: > next start -p 3005
2025-11-20 21:01:05 +00:00: 
2025-11-20 21:01:06 +00:00:    ▲ Next.js 15.5.4
2025-11-20 21:01:06 +00:00:    - Local:        http://localhost:3005
2025-11-20 21:01:06 +00:00:    - Network:      http://72.60.9.78:3005
2025-11-20 21:01:06 +00:00: 
2025-11-20 21:01:06 +00:00:  ✓ Starting...
2025-11-20 21:01:06 +00:00:  ✓ Ready in 606ms
2025-11-20 21:03:55 +00:00: 
2025-11-20 21:03:55 +00:00: > kreativhaus77@1.0.0 start
2025-11-20 21:03:55 +00:00: > next start -p 3005
2025-11-20 21:03:55 +00:00: 
2025-11-20 21:03:56 +00:00:    ▲ Next.js 15.5.4
2025-11-20 21:03:56 +00:00:    - Local:        http://localhost:3005
2025-11-20 21:03:56 +00:00:    - Network:      http://72.60.9.78:3005
2025-11-20 21:03:56 +00:00: 
2025-11-20 21:03:56 +00:00:  ✓ Starting...
2025-11-20 21:03:56 +00:00:  ✓ Ready in 616ms
2025-11-20 21:17:01 +00:00: 
2025-11-20 21:17:01 +00:00: > kreativhaus77@1.0.0 start
2025-11-20 21:17:01 +00:00: > next start -p 3005
2025-11-20 21:17:01 +00:00: 
2025-11-20 21:17:28 +00:00:    ▲ Next.js 15.5.4
2025-11-20 21:17:28 +00:00:    - Local:        http://localhost:3005
2025-11-20 21:17:28 +00:00:    - Network:      http://72.60.9.78:3005
2025-11-20 21:17:28 +00:00: 
2025-11-20 21:17:28 +00:00:  ✓ Starting...
2025-11-20 21:17:33 +00:00:  ✓ Ready in 21.2s
2025-11-20 21:25:47 +00:00:  ⨯ [Error: Cannot find module '/root/kreativhaus77/.next/server/middleware-manifest.json'
2025-11-20 21:25:47 +00:00: Require stack:
2025-11-20 21:25:47 +00:00: - /root/kreativhaus77/node_modules/next/dist/server/next-server.js
2025-11-20 21:25:47 +00:00: - /root/kreativhaus77/node_modules/next/dist/server/next.js
2025-11-20 21:25:47 +00:00: - /root/kreativhaus77/node_modules/next/dist/server/lib/start-server.js
2025-11-20 21:25:47 +00:00: - /root/kreativhaus77/node_modules/next/dist/cli/next-start.js] {
2025-11-20 21:25:47 +00:00:   code: 'MODULE_NOT_FOUND',
2025-11-20 21:25:47 +00:00:   requireStack: [Array]
2025-11-20 21:25:47 +00:00: }
2025-11-20 21:25:54 +00:00:  ⨯ Error: ENOENT: no such file or directory, open '/root/kreativhaus77/.next/required-server-files.json'
2025-11-20 21:25:54 +00:00:     at async L (.next/server/app/page.js:1:21908) {
2025-11-20 21:25:54 +00:00:   errno: -2,
2025-11-20 21:25:54 +00:00:   syscall: 'open',
2025-11-20 21:25:54 +00:00:   code: 'ENOENT',
2025-11-20 21:25:54 +00:00:   path: '/root/kreativhaus77/.next/required-server-files.json'
2025-11-20 21:25:54 +00:00: }
2025-11-20 21:25:54 +00:00:  ⨯ Error: ENOENT: no such file or directory, open '/root/kreativhaus77/.next/required-server-files.json'
2025-11-20 21:25:54 +00:00:     at async (.next/server/pages/_error.js:8:14071) {
2025-11-20 21:25:54 +00:00:   errno: -2,
2025-11-20 21:25:54 +00:00:   syscall: 'open',
2025-11-20 21:25:54 +00:00:   code: 'ENOENT',
2025-11-20 21:25:54 +00:00:   path: '/root/kreativhaus77/.next/required-server-files.json'
2025-11-20 21:25:54 +00:00: }
2025-11-20 21:26:27 +00:00:  ⨯ The requested resource isn't a valid image for /torqon.png received null
2025-11-20 21:26:27 +00:00:  ⨯ The requested resource isn't a valid image for /softwarefy.png received null
2025-11-20 21:26:27 +00:00:  ⨯ The requested resource isn't a valid image for /meownie.png received null
2025-11-20 21:26:27 +00:00:  ⨯ The requested resource isn't a valid image for /ichiban.jpg received null
2025-11-20 21:26:37 +00:00:  ⨯ The requested resource isn't a valid image for /softwarefy.png received null
2025-11-20 21:26:37 +00:00:  ⨯ The requested resource isn't a valid image for /torqon.png received null
2025-11-20 21:26:37 +00:00:  ⨯ The requested resource isn't a valid image for /meownie.png received null
2025-11-20 21:26:37 +00:00:  ⨯ The requested resource isn't a valid image for /ichiban.jpg received null
2025-11-20 21:27:15 +00:00: 
2025-11-20 21:27:15 +00:00: > kreativhaus77@1.0.0 start
2025-11-20 21:27:15 +00:00: > next start -p 3005
2025-11-20 21:27:15 +00:00: 
2025-11-20 21:27:16 +00:00:    ▲ Next.js 15.5.4
2025-11-20 21:27:16 +00:00:    - Local:        http://localhost:3005
2025-11-20 21:27:16 +00:00:    - Network:      http://72.60.9.78:3005
2025-11-20 21:27:16 +00:00: 
2025-11-20 21:27:16 +00:00:  ✓ Starting...
2025-11-20 21:27:16 +00:00:  ✓ Ready in 631ms
2025-11-20 21:29:50 +00:00: 
2025-11-20 21:29:50 +00:00: > kreativhaus77@1.0.0 start
2025-11-20 21:29:50 +00:00: > next start -p 3005
2025-11-20 21:29:50 +00:00: 
2025-11-20 21:29:51 +00:00:    ▲ Next.js 15.5.4
2025-11-20 21:29:51 +00:00:    - Local:        http://localhost:3005
2025-11-20 21:29:51 +00:00:    - Network:      http://72.60.9.78:3005
2025-11-20 21:29:51 +00:00: 
2025-11-20 21:29:51 +00:00:  ✓ Starting...
2025-11-20 21:29:51 +00:00:  ✓ Ready in 624ms
2025-11-20 21:31:48 +00:00: 
2025-11-20 21:31:48 +00:00: > kreativhaus77@1.0.0 start
2025-11-20 21:31:48 +00:00: > next start -p 3005
2025-11-20 21:31:48 +00:00: 
2025-11-20 21:31:49 +00:00:    ▲ Next.js 15.5.4
2025-11-20 21:31:49 +00:00:    - Local:        http://localhost:3005
2025-11-20 21:31:49 +00:00:    - Network:      http://72.60.9.78:3005
2025-11-20 21:31:49 +00:00: 
2025-11-20 21:31:49 +00:00:  ✓ Starting...
2025-11-20 21:31:49 +00:00:  ✓ Ready in 691ms
2025-11-20 21:32:09 +00:00:  ⨯ Error: ENOENT: no such file or directory, open '/root/kreativhaus77/.next/required-server-files.json'
2025-11-20 21:32:09 +00:00:     at async L (.next/server/app/page.js:1:33178) {
2025-11-20 21:32:09 +00:00:   errno: -2,
2025-11-20 21:32:09 +00:00:   syscall: 'open',
2025-11-20 21:32:09 +00:00:   code: 'ENOENT',
2025-11-20 21:32:09 +00:00:   path: '/root/kreativhaus77/.next/required-server-files.json'
2025-11-20 21:32:09 +00:00: }
2025-11-20 21:32:09 +00:00:  ⨯ Error: ENOENT: no such file or directory, open '/root/kreativhaus77/.next/required-server-files.json'
2025-11-20 21:32:09 +00:00:     at async (.next/server/pages/_error.js:8:14071) {
2025-11-20 21:32:09 +00:00:   errno: -2,
2025-11-20 21:32:09 +00:00:   syscall: 'open',
2025-11-20 21:32:09 +00:00:   code: 'ENOENT',
2025-11-20 21:32:09 +00:00:   path: '/root/kreativhaus77/.next/required-server-files.json'
2025-11-20 21:32:09 +00:00: }
2025-11-20 21:32:37 +00:00: 
2025-11-20 21:32:37 +00:00: > kreativhaus77@1.0.0 start
2025-11-20 21:32:37 +00:00: > next start -p 3005
2025-11-20 21:32:37 +00:00: 
2025-11-20 21:32:37 +00:00:    ▲ Next.js 15.5.4
2025-11-20 21:32:37 +00:00:    - Local:        http://localhost:3005
2025-11-20 21:32:37 +00:00:    - Network:      http://72.60.9.78:3005
2025-11-20 21:32:37 +00:00: 
2025-11-20 21:32:37 +00:00:  ✓ Starting...
2025-11-20 21:32:38 +00:00:  ✓ Ready in 677ms
2025-11-20 21:34:41 +00:00: 
2025-11-20 21:34:41 +00:00: > kreativhaus77@1.0.0 start
2025-11-20 21:34:41 +00:00: > next start -p 3005
2025-11-20 21:34:41 +00:00: 
2025-11-20 21:34:41 +00:00:    ▲ Next.js 15.5.4
2025-11-20 21:34:41 +00:00:    - Local:        http://localhost:3005
2025-11-20 21:34:41 +00:00:    - Network:      http://72.60.9.78:3005
2025-11-20 21:34:41 +00:00: 
2025-11-20 21:34:41 +00:00:  ✓ Starting...
2025-11-20 21:34:42 +00:00:  ✓ Ready in 572ms
2025-11-20 21:36:44 +00:00: 
2025-11-20 21:36:44 +00:00: > kreativhaus77@1.0.0 start
2025-11-20 21:36:44 +00:00: > next start -p 3005
2025-11-20 21:36:44 +00:00: 
2025-11-20 21:36:45 +00:00:    ▲ Next.js 15.5.4
2025-11-20 21:36:45 +00:00:    - Local:        http://localhost:3005
2025-11-20 21:36:45 +00:00:    - Network:      http://72.60.9.78:3005
2025-11-20 21:36:45 +00:00: 
2025-11-20 21:36:45 +00:00:  ✓ Starting...
2025-11-20 21:36:45 +00:00:  ✓ Ready in 755ms
2025-11-20 21:37:57 +00:00: 
2025-11-20 21:37:57 +00:00: > kreativhaus77@1.0.0 start
2025-11-20 21:37:57 +00:00: > next start -p 3005
2025-11-20 21:37:57 +00:00: 
2025-11-20 21:37:58 +00:00:    ▲ Next.js 15.5.4
2025-11-20 21:37:58 +00:00:    - Local:        http://localhost:3005
2025-11-20 21:37:58 +00:00:    - Network:      http://72.60.9.78:3005
2025-11-20 21:37:58 +00:00: 
2025-11-20 21:37:58 +00:00:  ✓ Starting...
2025-11-20 21:37:59 +00:00:  ✓ Ready in 1032ms
2025-11-20 21:40:22 +00:00: 
2025-11-20 21:40:22 +00:00: > kreativhaus77@1.0.0 start
2025-11-20 21:40:22 +00:00: > next start -p 3005
2025-11-20 21:40:22 +00:00: 
2025-11-20 21:40:23 +00:00:    ▲ Next.js 15.5.4
2025-11-20 21:40:23 +00:00:    - Local:        http://localhost:3005
2025-11-20 21:40:23 +00:00:    - Network:      http://72.60.9.78:3005
2025-11-20 21:40:23 +00:00: 
2025-11-20 21:40:23 +00:00:  ✓ Starting...
2025-11-20 21:40:23 +00:00:  ✓ Ready in 791ms
2025-11-20 21:44:35 +00:00: 
2025-11-20 21:44:35 +00:00: > kreativhaus77@1.0.0 start
2025-11-20 21:44:35 +00:00: > next start -p 3005
2025-11-20 21:44:35 +00:00: 
2025-11-20 21:44:35 +00:00:    ▲ Next.js 15.5.4
2025-11-20 21:44:35 +00:00:    - Local:        http://localhost:3005
2025-11-20 21:44:35 +00:00:    - Network:      http://72.60.9.78:3005
2025-11-20 21:44:35 +00:00: 
2025-11-20 21:44:35 +00:00:  ✓ Starting...
2025-11-20 21:44:35 +00:00:  ✓ Ready in 635ms
2025-11-20 21:47:02 +00:00: 
2025-11-20 21:47:02 +00:00: > kreativhaus77@1.0.0 start
2025-11-20 21:47:02 +00:00: > next start -p 3005
2025-11-20 21:47:02 +00:00: 
2025-11-20 21:47:03 +00:00:    ▲ Next.js 15.5.4
2025-11-20 21:47:03 +00:00:    - Local:        http://localhost:3005
2025-11-20 21:47:03 +00:00:    - Network:      http://72.60.9.78:3005
2025-11-20 21:47:03 +00:00: 
2025-11-20 21:47:03 +00:00:  ✓ Starting...
2025-11-20 21:47:03 +00:00:  ✓ Ready in 558ms
2025-11-20 21:49:49 +00:00: 
2025-11-20 21:49:49 +00:00: > kreativhaus77@1.0.0 start
2025-11-20 21:49:49 +00:00: > next start -p 3005
2025-11-20 21:49:49 +00:00: 
2025-11-20 21:49:49 +00:00:    ▲ Next.js 15.5.4
2025-11-20 21:49:49 +00:00:    - Local:        http://localhost:3005
2025-11-20 21:49:49 +00:00:    - Network:      http://72.60.9.78:3005
2025-11-20 21:49:49 +00:00: 
2025-11-20 21:49:49 +00:00:  ✓ Starting...
2025-11-20 21:49:50 +00:00:  ✓ Ready in 624ms
2025-11-20 21:52:41 +00:00: 
2025-11-20 21:52:41 +00:00: > kreativhaus77@1.0.0 start
2025-11-20 21:52:41 +00:00: > next start -p 3005
2025-11-20 21:52:41 +00:00: 
2025-11-20 21:52:42 +00:00:    ▲ Next.js 15.5.4
2025-11-20 21:52:42 +00:00:    - Local:        http://localhost:3005
2025-11-20 21:52:42 +00:00:    - Network:      http://72.60.9.78:3005
2025-11-20 21:52:42 +00:00: 
2025-11-20 21:52:42 +00:00:  ✓ Starting...
2025-11-20 21:52:42 +00:00:  ✓ Ready in 927ms
2025-11-20 21:54:49 +00:00: 
2025-11-20 21:54:49 +00:00: > kreativhaus77@1.0.0 start
2025-11-20 21:54:49 +00:00: > next start -p 3005
2025-11-20 21:54:49 +00:00: 
2025-11-20 21:54:49 +00:00:    ▲ Next.js 15.5.4
2025-11-20 21:54:49 +00:00:    - Local:        http://localhost:3005
2025-11-20 21:54:49 +00:00:    - Network:      http://72.60.9.78:3005
2025-11-20 21:54:49 +00:00: 
2025-11-20 21:54:49 +00:00:  ✓ Starting...
2025-11-20 21:54:50 +00:00:  ✓ Ready in 641ms
2025-11-20 21:57:04 +00:00: 
2025-11-20 21:57:04 +00:00: > kreativhaus77@1.0.0 start
2025-11-20 21:57:04 +00:00: > next start -p 3005
2025-11-20 21:57:04 +00:00: 
2025-11-20 21:57:05 +00:00:    ▲ Next.js 15.5.4
2025-11-20 21:57:05 +00:00:    - Local:        http://localhost:3005
2025-11-20 21:57:05 +00:00:    - Network:      http://72.60.9.78:3005
2025-11-20 21:57:05 +00:00: 
2025-11-20 21:57:05 +00:00:  ✓ Starting...
2025-11-20 21:57:05 +00:00:  ✓ Ready in 617ms
