2025-11-20 21:25:47 +00:00:  ⨯ [Error: Cannot find module '/root/kreativhaus77/.next/server/middleware-manifest.json'
2025-11-20 21:25:47 +00:00: Require stack:
2025-11-20 21:25:47 +00:00: - /root/kreativhaus77/node_modules/next/dist/server/next-server.js
2025-11-20 21:25:47 +00:00: - /root/kreativhaus77/node_modules/next/dist/server/next.js
2025-11-20 21:25:47 +00:00: - /root/kreativhaus77/node_modules/next/dist/server/lib/start-server.js
2025-11-20 21:25:47 +00:00: - /root/kreativhaus77/node_modules/next/dist/cli/next-start.js] {
2025-11-20 21:25:47 +00:00:   code: 'MODULE_NOT_FOUND',
2025-11-20 21:25:47 +00:00:   requireStack: [Array]
2025-11-20 21:25:47 +00:00: }
2025-11-20 21:25:54 +00:00:  ⨯ Error: ENOENT: no such file or directory, open '/root/kreativhaus77/.next/required-server-files.json'
2025-11-20 21:25:54 +00:00:     at async L (.next/server/app/page.js:1:21908) {
2025-11-20 21:25:54 +00:00:   errno: -2,
2025-11-20 21:25:54 +00:00:   syscall: 'open',
2025-11-20 21:25:54 +00:00:   code: 'ENOENT',
2025-11-20 21:25:54 +00:00:   path: '/root/kreativhaus77/.next/required-server-files.json'
2025-11-20 21:25:54 +00:00: }
2025-11-20 21:25:54 +00:00:  ⨯ Error: ENOENT: no such file or directory, open '/root/kreativhaus77/.next/required-server-files.json'
2025-11-20 21:25:54 +00:00:     at async (.next/server/pages/_error.js:8:14071) {
2025-11-20 21:25:54 +00:00:   errno: -2,
2025-11-20 21:25:54 +00:00:   syscall: 'open',
2025-11-20 21:25:54 +00:00:   code: 'ENOENT',
2025-11-20 21:25:54 +00:00:   path: '/root/kreativhaus77/.next/required-server-files.json'
2025-11-20 21:25:54 +00:00: }
2025-11-20 21:26:27 +00:00:  ⨯ The requested resource isn't a valid image for /torqon.png received null
2025-11-20 21:26:27 +00:00:  ⨯ The requested resource isn't a valid image for /softwarefy.png received null
2025-11-20 21:26:27 +00:00:  ⨯ The requested resource isn't a valid image for /meownie.png received null
2025-11-20 21:26:27 +00:00:  ⨯ The requested resource isn't a valid image for /ichiban.jpg received null
2025-11-20 21:26:37 +00:00:  ⨯ The requested resource isn't a valid image for /softwarefy.png received null
2025-11-20 21:26:37 +00:00:  ⨯ The requested resource isn't a valid image for /torqon.png received null
2025-11-20 21:26:37 +00:00:  ⨯ The requested resource isn't a valid image for /meownie.png received null
2025-11-20 21:26:37 +00:00:  ⨯ The requested resource isn't a valid image for /ichiban.jpg received null
2025-11-20 21:32:09 +00:00:  ⨯ Error: ENOENT: no such file or directory, open '/root/kreativhaus77/.next/required-server-files.json'
2025-11-20 21:32:09 +00:00:     at async L (.next/server/app/page.js:1:33178) {
2025-11-20 21:32:09 +00:00:   errno: -2,
2025-11-20 21:32:09 +00:00:   syscall: 'open',
2025-11-20 21:32:09 +00:00:   code: 'ENOENT',
2025-11-20 21:32:09 +00:00:   path: '/root/kreativhaus77/.next/required-server-files.json'
2025-11-20 21:32:09 +00:00: }
2025-11-20 21:32:09 +00:00:  ⨯ Error: ENOENT: no such file or directory, open '/root/kreativhaus77/.next/required-server-files.json'
2025-11-20 21:32:09 +00:00:     at async (.next/server/pages/_error.js:8:14071) {
2025-11-20 21:32:09 +00:00:   errno: -2,
2025-11-20 21:32:09 +00:00:   syscall: 'open',
2025-11-20 21:32:09 +00:00:   code: 'ENOENT',
2025-11-20 21:32:09 +00:00:   path: '/root/kreativhaus77/.next/required-server-files.json'
2025-11-20 21:32:09 +00:00: }
